[27-Nov-2020 04:54:07 Europe/Berlin] PHP Notice:  Undefined index: num in C:\xampp\htdocs\php\apps\libs\header.php on line 138
[27-Nov-2020 04:54:07 Europe/Berlin] PHP Warning:  Invalid argument supplied for foreach() in C:\xampp\htdocs\php\apps\libs\header.php on line 138
[27-Nov-2020 05:07:56 Europe/Berlin] PHP Notice:  Trying to access array offset on value of type null in C:\xampp\htdocs\php\index.php on line 33
[27-Nov-2020 05:08:54 Europe/Berlin] PHP Notice:  Trying to access array offset on value of type null in C:\xampp\htdocs\php\index.php on line 33
[27-Nov-2020 05:36:10 Europe/Berlin] PHP Notice:  Undefined offset: 18 in C:\xampp\htdocs\php\apps\libs\header.php on line 180
[27-Nov-2020 05:36:10 Europe/Berlin] PHP Notice:  Undefined offset: 18 in C:\xampp\htdocs\php\apps\libs\header.php on line 181
[27-Nov-2020 05:36:12 Europe/Berlin] PHP Notice:  Undefined offset: 18 in C:\xampp\htdocs\php\apps\libs\header.php on line 180
[27-Nov-2020 05:36:12 Europe/Berlin] PHP Notice:  Undefined offset: 18 in C:\xampp\htdocs\php\apps\libs\header.php on line 181
[27-Nov-2020 05:36:12 Europe/Berlin] PHP Notice:  Undefined offset: 18 in C:\xampp\htdocs\php\cart.php on line 55
[27-Nov-2020 05:36:12 Europe/Berlin] PHP Notice:  Undefined offset: 18 in C:\xampp\htdocs\php\cart.php on line 57
[27-Nov-2020 05:36:12 Europe/Berlin] PHP Notice:  Undefined offset: 18 in C:\xampp\htdocs\php\cart.php on line 62
[27-Nov-2020 05:36:12 Europe/Berlin] PHP Notice:  Undefined offset: 18 in C:\xampp\htdocs\php\cart.php on line 63
[27-Nov-2020 05:36:28 Europe/Berlin] PHP Notice:  Undefined offset: 18 in C:\xampp\htdocs\php\apps\libs\header.php on line 180
[27-Nov-2020 05:36:28 Europe/Berlin] PHP Notice:  Undefined offset: 18 in C:\xampp\htdocs\php\apps\libs\header.php on line 181
[27-Nov-2020 05:36:32 Europe/Berlin] PHP Notice:  Undefined offset: 18 in C:\xampp\htdocs\php\apps\libs\header.php on line 180
[27-Nov-2020 05:36:32 Europe/Berlin] PHP Notice:  Undefined offset: 18 in C:\xampp\htdocs\php\apps\libs\header.php on line 181
[27-Nov-2020 05:36:34 Europe/Berlin] PHP Notice:  Undefined offset: 18 in C:\xampp\htdocs\php\apps\libs\header.php on line 180
[27-Nov-2020 05:36:34 Europe/Berlin] PHP Notice:  Undefined offset: 18 in C:\xampp\htdocs\php\apps\libs\header.php on line 181
[27-Nov-2020 05:36:35 Europe/Berlin] PHP Notice:  Undefined offset: 18 in C:\xampp\htdocs\php\apps\libs\header.php on line 180
[27-Nov-2020 05:36:35 Europe/Berlin] PHP Notice:  Undefined offset: 18 in C:\xampp\htdocs\php\apps\libs\header.php on line 181
[27-Nov-2020 05:36:38 Europe/Berlin] PHP Notice:  Undefined offset: 18 in C:\xampp\htdocs\php\apps\libs\header.php on line 180
[27-Nov-2020 05:36:38 Europe/Berlin] PHP Notice:  Undefined offset: 18 in C:\xampp\htdocs\php\apps\libs\header.php on line 181
[27-Nov-2020 05:37:00 Europe/Berlin] PHP Notice:  Undefined offset: 18 in C:\xampp\htdocs\php\apps\libs\header.php on line 180
[27-Nov-2020 05:37:00 Europe/Berlin] PHP Notice:  Undefined offset: 18 in C:\xampp\htdocs\php\apps\libs\header.php on line 181
[27-Nov-2020 05:37:37 Europe/Berlin] PHP Notice:  Undefined offset: 18 in C:\xampp\htdocs\php\apps\libs\header.php on line 180
[27-Nov-2020 05:37:37 Europe/Berlin] PHP Notice:  Undefined offset: 18 in C:\xampp\htdocs\php\apps\libs\header.php on line 181
[27-Nov-2020 05:37:41 Europe/Berlin] PHP Notice:  Undefined offset: 18 in C:\xampp\htdocs\php\apps\libs\header.php on line 180
[27-Nov-2020 05:37:41 Europe/Berlin] PHP Notice:  Undefined offset: 18 in C:\xampp\htdocs\php\apps\libs\header.php on line 181
[27-Nov-2020 05:38:11 Europe/Berlin] PHP Notice:  Undefined offset: 18 in C:\xampp\htdocs\php\apps\libs\header.php on line 180
[27-Nov-2020 05:38:11 Europe/Berlin] PHP Notice:  Undefined offset: 18 in C:\xampp\htdocs\php\apps\libs\header.php on line 181
[27-Nov-2020 05:38:17 Europe/Berlin] PHP Notice:  Undefined offset: 18 in C:\xampp\htdocs\php\apps\libs\header.php on line 180
[27-Nov-2020 05:38:17 Europe/Berlin] PHP Notice:  Undefined offset: 18 in C:\xampp\htdocs\php\apps\libs\header.php on line 181
[02-Dec-2020 13:39:56 Europe/Berlin] PHP Notice:  Trying to access array offset on value of type null in C:\xampp\htdocs\php\apps\libs\header.php on line 82
[04-Dec-2020 04:17:38 Europe/Berlin] PHP Warning:  mysqli_fetch_array() expects parameter 1 to be mysqli_result, bool given in C:\xampp\htdocs\php\chitiet.php on line 31
